2022-04-13 20:49:18,838 INFO  [Log] ApplicationOpened 
2022-04-13 20:49:24,509 INFO  [Log] Login Completed 
2022-04-13 20:49:24,564 INFO  [Log] Logout Completed 
2022-04-13 20:49:25,067 INFO  [Log] Application Closed 
2022-04-13 20:49:31,515 INFO  [Log] ApplicationOpened 
2022-04-13 20:49:34,670 INFO  [Log] Login Completed 
2022-04-13 20:49:34,752 INFO  [Log] Enter into Frame 
2022-04-13 20:49:39,450 INFO  [Log] New Employee Added 
2022-04-13 20:49:39,457 INFO  [Log] Exit the frame 
2022-04-13 20:49:39,514 INFO  [Log] Logout Completed 
2022-04-13 20:49:39,585 INFO  [Log] Application Closed 
2022-04-13 20:53:00,988 INFO  [Log] ApplicationOpened 
2022-04-13 20:53:03,735 INFO  [Log] Login Completed 
2022-04-13 20:53:03,806 INFO  [Log] Logout Completed 
2022-04-13 20:53:03,943 INFO  [Log] Application Closed 
2022-04-14 07:55:07,929 INFO  [Log] ApplicationOpened 
2022-04-14 07:55:10,580 INFO  [Log] Login Completed 
2022-04-14 07:55:10,712 INFO  [Log] Logout Completed 
2022-04-14 07:55:10,842 INFO  [Log] Application Closed 
2022-04-14 07:55:17,086 INFO  [Log] ApplicationOpened 
2022-04-14 07:55:20,430 INFO  [Log] Login Completed 
2022-04-14 07:55:20,499 INFO  [Log] Enter into Frame 
2022-04-14 07:55:24,397 INFO  [Log] New Employee Added 
2022-04-14 07:55:24,406 INFO  [Log] Exit the frame 
2022-04-14 07:55:24,488 INFO  [Log] Logout Completed 
2022-04-14 07:55:24,601 INFO  [Log] Application Closed 
2022-04-14 08:07:25,470 INFO  [Log] ApplicationOpened 
2022-04-14 08:07:28,172 INFO  [Log] Login Completed 
2022-04-14 08:07:28,283 INFO  [Log] Logout Completed 
2022-04-14 08:07:28,394 INFO  [Log] Application Closed 
2022-04-14 08:24:04,807 INFO  [Log] ApplicationOpened 
2022-04-14 08:24:07,275 INFO  [Log] Login Completed 
2022-04-14 08:24:07,401 INFO  [Log] Logout Completed 
2022-04-14 08:24:07,519 INFO  [Log] Application Closed 
2022-04-14 08:27:01,458 INFO  [Log] ApplicationOpened 
2022-04-14 08:27:04,125 INFO  [Log] Login Completed 
2022-04-14 08:27:04,248 INFO  [Log] Logout Completed 
2022-04-14 08:27:04,362 INFO  [Log] Application Closed 
2022-04-14 08:35:23,907 INFO  [Log] ApplicationOpened 
2022-04-14 08:35:27,290 INFO  [Log] Login Completed 
2022-04-14 08:35:27,365 INFO  [Log] Logout Completed 
2022-04-14 08:35:27,504 INFO  [Log] Application Closed 
2022-04-14 08:36:23,726 INFO  [Log] ApplicationOpened 
2022-04-14 08:36:26,556 INFO  [Log] Login Completed 
2022-04-14 08:36:26,677 INFO  [Log] Logout Completed 
2022-04-14 08:36:26,780 INFO  [Log] Application Closed 
2022-04-14 08:37:39,492 INFO  [Log] ApplicationOpened 
2022-04-14 08:37:43,201 INFO  [Log] Login Completed 
2022-04-14 08:37:43,319 INFO  [Log] Logout Completed 
2022-04-14 08:37:43,423 INFO  [Log] Application Closed 
2022-04-14 08:37:48,567 INFO  [Log] ApplicationOpened 
2022-04-14 08:37:50,964 INFO  [Log] Login Completed 
2022-04-14 08:37:51,051 INFO  [Log] Enter into Frame 
2022-04-14 08:37:54,258 INFO  [Log] New Employee Added 
2022-04-14 08:37:54,274 INFO  [Log] Exit the frame 
2022-04-14 08:37:54,477 INFO  [Log] Logout Completed 
2022-04-14 08:37:54,612 INFO  [Log] Application Closed 
2022-04-14 08:39:10,887 INFO  [Log] ApplicationOpened 
2022-04-14 08:39:13,854 INFO  [Log] Login Completed 
2022-04-14 08:39:13,970 INFO  [Log] Logout Completed 
2022-04-14 08:39:14,068 INFO  [Log] Application Closed 
2022-04-14 08:39:20,454 INFO  [Log] ApplicationOpened 
2022-04-14 08:39:23,604 INFO  [Log] Login Completed 
2022-04-14 08:39:23,660 INFO  [Log] Enter into Frame 
2022-04-14 08:39:27,012 INFO  [Log] New Employee Added 
2022-04-14 08:39:27,020 INFO  [Log] Exit the frame 
2022-04-14 08:39:27,104 INFO  [Log] Logout Completed 
2022-04-14 08:39:27,217 INFO  [Log] Application Closed 
2022-04-14 09:47:19,456 INFO  [Log] ApplicationOpened 
2022-04-14 09:47:22,193 INFO  [Log] Login Completed 
2022-04-14 09:47:22,250 INFO  [Log] Logout Completed 
2022-04-14 09:47:22,440 INFO  [Log] Application Closed 
2022-04-14 10:00:50,368 INFO  [Log] ApplicationOpened 
2022-04-14 10:00:53,113 INFO  [Log] Login Completed 
2022-04-14 10:00:53,179 INFO  [Log] Logout Completed 
2022-04-14 10:00:53,386 INFO  [Log] Application Closed 
2022-04-14 10:01:25,774 INFO  [Log] ApplicationOpened 
2022-04-14 10:01:28,162 INFO  [Log] Login Completed 
2022-04-14 10:01:28,213 INFO  [Log] Logout Completed 
2022-04-14 10:01:28,293 INFO  [Log] Application Closed 
2022-04-14 17:00:03,565 INFO  [Log] ApplicationOpened 
2022-04-14 17:00:06,971 INFO  [Log] Login Completed 
2022-04-14 17:00:07,035 INFO  [Log] Logout Completed 
2022-04-14 17:00:07,110 INFO  [Log] Application Closed 
2022-04-14 17:05:31,821 INFO  [Log] ApplicationOpened 
2022-04-14 17:05:34,423 INFO  [Log] Login Completed 
2022-04-14 17:05:34,487 INFO  [Log] Logout Completed 
2022-04-14 17:05:34,573 INFO  [Log] Application Closed 
2022-04-14 17:15:02,379 INFO  [Log] ApplicationOpened 
2022-04-14 17:15:04,849 INFO  [Log] Login Completed 
2022-04-14 17:15:04,909 INFO  [Log] Logout Completed 
2022-04-14 17:15:04,990 INFO  [Log] Application Closed 
2022-04-14 17:15:11,423 INFO  [Log] ApplicationOpened 
2022-04-14 17:15:14,964 INFO  [Log] Login Completed 
2022-04-14 17:15:15,005 INFO  [Log] Enter into Frame 
2022-04-14 17:15:21,322 INFO  [Log] New Employee Added 
2022-04-14 17:15:21,328 INFO  [Log] Exit the frame 
2022-04-14 17:15:21,379 INFO  [Log] Logout Completed 
2022-04-14 17:15:21,448 INFO  [Log] Application Closed 
2022-04-14 17:50:31,359 INFO  [Log] ApplicationOpened 
2022-04-14 17:50:34,359 INFO  [Log] Login Completed 
2022-04-14 17:50:34,414 INFO  [Log] Logout Completed 
2022-04-14 17:50:34,482 INFO  [Log] Application Closed 
2022-04-14 17:50:41,754 INFO  [Log] ApplicationOpened 
2022-04-14 17:50:44,320 INFO  [Log] Login Completed 
2022-04-14 17:50:44,354 INFO  [Log] Enter into Frame 
2022-04-14 17:50:47,672 INFO  [Log] New Employee Added 
2022-04-14 17:50:47,678 INFO  [Log] Exit the frame 
2022-04-14 17:50:47,724 INFO  [Log] Logout Completed 
2022-04-14 17:50:47,761 INFO  [Log] Application Closed 
2022-04-14 18:26:09,884 INFO  [Log] ApplicationOpened 
2022-04-14 18:26:14,770 INFO  [Log] Login Completed 
2022-04-14 18:26:14,819 INFO  [Log] Logout Completed 
2022-04-14 18:26:14,869 INFO  [Log] Application Closed 
2022-04-14 18:26:23,355 INFO  [Log] ApplicationOpened 
2022-04-14 18:26:25,809 INFO  [Log] Login Completed 
2022-04-14 18:26:25,852 INFO  [Log] Enter into Frame 
2022-04-14 18:26:28,873 INFO  [Log] New Employee Added 
2022-04-14 18:26:28,878 INFO  [Log] Exit the frame 
2022-04-14 18:26:28,921 INFO  [Log] Logout Completed 
2022-04-14 18:26:28,974 INFO  [Log] Application Closed 
2022-04-15 18:27:11,117 INFO  [Log] ApplicationOpened 
2022-04-15 18:27:14,968 INFO  [Log] Login Completed 
2022-04-15 18:27:15,017 INFO  [Log] Logout Completed 
2022-04-15 18:27:15,516 INFO  [Log] Application Closed 
2022-04-15 18:27:21,502 INFO  [Log] ApplicationOpened 
2022-04-15 18:27:23,803 INFO  [Log] Login Completed 
2022-04-15 18:27:23,866 INFO  [Log] Enter into Frame 
2022-04-15 18:27:27,027 INFO  [Log] New Employee Added 
2022-04-15 18:27:27,032 INFO  [Log] Exit the frame 
2022-04-15 18:27:27,081 INFO  [Log] Logout Completed 
2022-04-15 18:27:27,156 INFO  [Log] Application Closed 
2022-04-20 11:47:26,385 INFO  [Log] ApplicationOpened 
2022-04-20 11:47:31,051 INFO  [Log] Login Completed 
2022-04-20 11:47:31,177 INFO  [Log] Logout Completed 
2022-04-20 11:47:32,158 INFO  [Log] Application Closed 
2022-04-20 11:47:44,126 INFO  [Log] ApplicationOpened 
2022-04-20 11:47:46,794 INFO  [Log] Login Completed 
2022-04-20 11:47:46,841 INFO  [Log] Enter into Frame 
2022-04-20 11:47:53,889 INFO  [Log] New Employee Added 
2022-04-20 11:47:53,896 INFO  [Log] Exit the frame 
2022-04-20 11:47:53,949 INFO  [Log] Logout Completed 
2022-04-20 11:48:15,730 INFO  [Log] Application Closed 
2022-04-20 11:49:05,328 INFO  [Log] ApplicationOpened 
2022-04-20 11:49:10,434 INFO  [Log] Login Completed 
2022-04-20 11:49:10,506 INFO  [Log] Logout Completed 
2022-04-20 11:49:15,508 INFO  [Log] Application Closed 
2022-04-20 11:49:23,774 INFO  [Log] ApplicationOpened 
2022-04-20 11:49:26,673 INFO  [Log] Login Completed 
2022-04-20 11:49:26,714 INFO  [Log] Enter into Frame 
2022-04-20 11:49:29,757 INFO  [Log] New Employee Added 
2022-04-20 11:49:29,762 INFO  [Log] Exit the frame 
2022-04-20 11:49:29,813 INFO  [Log] Logout Completed 
2022-04-20 11:49:33,337 INFO  [Log] Application Closed 
2022-04-20 18:27:06,095 INFO  [Log] ApplicationOpened 
2022-04-20 18:27:08,716 INFO  [Log] Login Completed 
2022-04-20 18:27:08,769 INFO  [Log] Logout Completed 
2022-04-20 18:27:09,021 INFO  [Log] Application Closed 
2022-04-20 18:27:14,754 INFO  [Log] ApplicationOpened 
2022-04-20 18:27:18,076 INFO  [Log] Login Completed 
2022-04-20 18:27:18,160 INFO  [Log] Enter into Frame 
2022-04-20 18:27:22,626 INFO  [Log] New Employee Added 
2022-04-20 18:27:22,631 INFO  [Log] Exit the frame 
2022-04-20 18:27:22,673 INFO  [Log] Logout Completed 
2022-04-20 18:27:22,794 INFO  [Log] Application Closed 
2022-04-21 18:26:35,039 INFO  [Log] ApplicationOpened 
2022-04-21 18:26:37,562 INFO  [Log] Login Completed 
2022-04-21 18:26:37,616 INFO  [Log] Logout Completed 
2022-04-21 18:26:37,839 INFO  [Log] Application Closed 
2022-04-21 18:26:41,643 INFO  [Log] ApplicationOpened 
2022-04-21 18:26:43,983 INFO  [Log] Login Completed 
2022-04-21 18:26:44,031 INFO  [Log] Enter into Frame 
2022-04-21 18:26:47,363 INFO  [Log] New Employee Added 
2022-04-21 18:26:47,370 INFO  [Log] Exit the frame 
2022-04-21 18:26:47,415 INFO  [Log] Logout Completed 
2022-04-21 18:26:47,456 INFO  [Log] Application Closed 
2022-04-22 14:12:01,002 INFO  [Log] ApplicationOpened 
2022-04-22 14:12:04,479 INFO  [Log] Login Completed 
2022-04-22 14:12:04,593 INFO  [Log] Logout Completed 
2022-04-22 14:12:04,870 INFO  [Log] Application Closed 
2022-04-22 18:27:08,309 INFO  [Log] ApplicationOpened 
2022-04-22 18:27:10,850 INFO  [Log] Login Completed 
2022-04-22 18:27:10,920 INFO  [Log] Logout Completed 
2022-04-22 18:27:11,035 INFO  [Log] Application Closed 
